
fourth_example.asm     Assembled with CASM08Z  12/12/2023  00:03:36  PAGE 1



                        1  ;Create a list of 12 integers (even and odd), of 
                                            size 1 Byte, stored at address $90.
                        2  ;Every time an odd value is found, 1 must be added 
                                             to it and overwritten in the list.
                        3  ;At the end of the program all values ??in the list 
                                                                  must be even.
                        4  ;At address $80 the number of elements in the list 
                                                    is indicated (LENGTH = 12).
                        5  ;Save the total of odd numbers at address $81.
                        6  
                        7  
                        8  
 0080                   9               ORG $80
 0080      0C          10  LENGTH       DB $0C
 0081      00          11  ODD          DB $00
                       12  
 0090                  13               ORG $90
 0090      01020304    14  LIST         DB $01,$02,$03,$04,$05,$06,$07,$08,$09,
                                                                    $0A,$0B,$0C
           05060708 
           090A0B0C 
                       15  
 EE00                  16               ORG $EE00
 EE00 [02] AE90        17               LDX #LIST
 EE02 [02] F6          18  START:       LDA ,X
 EE03 [02] A401        19               AND #$01
 EE05 [03] 270D        20               BEQ PAIR
 EE07 [02] F6          21               LDA ,X
 EE08 [02] AB01        22               ADD #$01
 EE0A [04] 3C81        23               INC ODD
 EE0C [02] F7          24               STA ,X
 EE0D [04] 3A80        25               DEC LENGTH
 EE0F [03] 270A        26               BEQ END
 EE11 [01] 5C          27               INCX
 EE12 [03] 20EE        28               BRA START
                       29  
 EE14 [01] 5C          30  PAIR:        INCX
 EE15 [04] 3A80        31               DEC LENGTH
 EE17 [03] 2702        32               BEQ END
 EE19 [03] 20E7        33               BRA START
                       34  
 EE1B [09] 83          35  END:         SWI
                       36  
 FFFA                  37               ORG $FFFA
 FFFA      EE00        38               DW $EE00
 FFFC      EE00        39               DW $EE00
 FFFE      EE00        40               DW $EE00
                       41  
                       42  
                       43  
                       44   

 Symbol Table 

END              EE1B
LENGTH           0080
LIST             0090
ODD              0081


fourth_example.asm     Assembled with CASM08Z  12/12/2023  00:03:36  PAGE 2



PAIR             EE14
START            EE02
